<?xml version="1.0" encoding="UTF-8"?>
<testsuite xmlns:xsi="http://www.w3.org/2001/XMLSchema-instance" xsi:noNamespaceSchemaLocation="https://maven.apache.org/surefire/maven-surefire-plugin/xsd/surefire-test-report-3.0.xsd" version="3.0" name="TestSuite" time="45.363" tests="1" errors="0" skipped="0" failures="0">
  <properties>
[...]
</properties>
  <testcase name="Login_test" classname="com.qa.tests.Login_Test" time="19.071">
    <system-out><![CDATA[08-21-2020 10:00:46 TestBase.java INFO  [main] base.TestBase 92 - ***Execution is started***
This is my train application
08-21-2020 10:00:46 TestBase.java WARN  [main] base.TestBase 85 - ***driver is initialised***
08-21-2020 10:00:50 TestBase.java INFO  [main] base.TestBase 61 - ***Driver is maximized***
08-21-2020 10:01:07 TestBase.java INFO  [main] base.TestBase 63 - ***URL is fetched***
08-21-2020 10:01:08 Login_Test.java INFO  [main] base.TestBase 25 - ***Username and password is enterened***
08-21-2020 10:01:08 Login_Test.java DEBUG [main] base.TestBase 26 - ***User is logging in***
08-21-2020 10:01:25 Login_Test.java INFO  [main] base.TestBase 28 - ***User logged in***
My test case is passed
08-21-2020 10:01:26 Login_Test.java INFO  [main] base.TestBase 39 - ***Message is displayed in the report***
]]></system-out>
    <system-err><![CDATA[Starting ChromeDriver 84.0.4147.30 (48b3e868b4cc0aa7e8149519690b6f6949e110a8-refs/branch-heads/4147@{#310}) on port 20707
Only local connections are allowed.
Please see https://chromedriver.chromium.org/security-considerations for suggestions on keeping ChromeDriver safe.
ChromeDriver was started successfully.
Aug 21, 2020 10:00:50 AM org.openqa.selenium.remote.ProtocolHandshake createSession
INFO: Detected dialect: W3C
]]></system-err>
  </testcase>
</testsuite>