<?xml version="1.0" encoding="UTF-8"?>
<testng-results ignored="0" total="1" passed="1" failed="0" skipped="0">
  <reporter-output>
    <line>
      <![CDATA[This is my train application]]>
    </line>
    <line>
      <![CDATA[My test case is passed]]>
    </line>
    <line>
      <![CDATA[This is my report]]>
    </line>
  </reporter-output>
  <suite started-at="2020-08-20T16:31:29 IST" name="Suite" finished-at="2020-08-20T16:31:56 IST" duration-ms="26764">
    <groups>
      <group name="sanity">
        <method signature="Login_Test.Login_test()[pri:0, instance:com.qa.tests.Login_Test@53fb3dab]" name="Login_test" class="com.qa.tests.Login_Test"/>
      </group> <!-- sanity -->
    </groups>
    <test started-at="2020-08-20T16:31:29 IST" name="Test" finished-at="2020-08-20T16:31:56 IST" duration-ms="26764">
      <class name="com.qa.tests.Login_Test">
        <test-method is-config="true" signature="beforeSuite()[pri:0, instance:com.qa.tests.Login_Test@53fb3dab]" started-at="2020-08-20T16:31:29 IST" name="beforeSuite" finished-at="2020-08-20T16:31:29 IST" duration-ms="20" status="PASS">
          <reporter-output>
            <line>
              <![CDATA[This is my train application]]>
            </line>
          </reporter-output>
        </test-method> <!-- beforeSuite -->
        <test-method is-config="true" signature="beforeTest()[pri:0, instance:com.qa.tests.Login_Test@53fb3dab]" started-at="2020-08-20T16:31:29 IST" name="beforeTest" finished-at="2020-08-20T16:31:29 IST" duration-ms="1" status="PASS">
          <reporter-output>
          </reporter-output>
        </test-method> <!-- beforeTest -->
        <test-method is-config="true" signature="beforeMethod()[pri:0, instance:com.qa.tests.Login_Test@53fb3dab]" started-at="2020-08-20T16:31:29 IST" name="beforeMethod" finished-at="2020-08-20T16:31:37 IST" duration-ms="8092" status="PASS">
          <reporter-output>
          </reporter-output>
        </test-method> <!-- beforeMethod -->
        <test-method signature="Login_test()[pri:0, instance:com.qa.tests.Login_Test@53fb3dab]" started-at="2020-08-20T16:31:37 IST" name="Login_test" finished-at="2020-08-20T16:31:54 IST" duration-ms="16862" status="PASS">
          <reporter-output>
            <line>
              <![CDATA[My test case is passed]]>
            </line>
          </reporter-output>
        </test-method> <!-- Login_test -->
        <test-method is-config="true" signature="afterMethod(org.testng.ITestResult)[pri:0, instance:com.qa.tests.Login_Test@53fb3dab]" started-at="2020-08-20T16:31:54 IST" name="afterMethod" finished-at="2020-08-20T16:31:56 IST" duration-ms="1662" status="PASS">
          <params>
            <param index="0">
              <value>
                <![CDATA[[TestResult name=Login_test status=SUCCESS method=Login_Test.Login_test()[pri:0, instance:com.qa.tests.Login_Test@53fb3dab] output=My test case is passed]]]>
              </value>
            </param>
          </params>
          <reporter-output>
          </reporter-output>
        </test-method> <!-- afterMethod -->
        <test-method is-config="true" signature="report()[pri:0, instance:com.qa.tests.Login_Test@53fb3dab]" started-at="2020-08-20T16:31:56 IST" name="report" finished-at="2020-08-20T16:31:56 IST" duration-ms="1" status="PASS">
          <reporter-output>
            <line>
              <![CDATA[This is my report]]>
            </line>
          </reporter-output>
        </test-method> <!-- report -->
      </class> <!-- com.qa.tests.Login_Test -->
    </test> <!-- Test -->
  </suite> <!-- Suite -->
</testng-results>
